mode: set
_/Users/philip/github/es-archivist/essnap.go:118.55,129.17 7 0
_/Users/philip/github/es-archivist/essnap.go:143.3,143.19 1 0
_/Users/philip/github/es-archivist/essnap.go:129.17,131.4 1 0
_/Users/philip/github/es-archivist/essnap.go:131.4,137.19 4 0
_/Users/philip/github/es-archivist/essnap.go:137.19,140.6 2 0
_/Users/philip/github/es-archivist/essnap.go:146.53,157.17 7 0
_/Users/philip/github/es-archivist/essnap.go:178.3,178.19 1 0
_/Users/philip/github/es-archivist/essnap.go:157.17,159.4 1 0
_/Users/philip/github/es-archivist/essnap.go:159.4,169.19 4 0
_/Users/philip/github/es-archivist/essnap.go:169.19,171.6 1 0
_/Users/philip/github/es-archivist/essnap.go:181.68,195.17 9 0
_/Users/philip/github/es-archivist/essnap.go:195.17,197.15 1 0
_/Users/philip/github/es-archivist/essnap.go:198.4,215.19 8 0
_/Users/philip/github/es-archivist/essnap.go:231.5,236.19 3 0
_/Users/philip/github/es-archivist/essnap.go:241.5,241.31 1 0
_/Users/philip/github/es-archivist/essnap.go:259.5,259.18 1 0
_/Users/philip/github/es-archivist/essnap.go:215.19,217.6 1 0
_/Users/philip/github/es-archivist/essnap.go:217.6,220.44 1 0
_/Users/philip/github/es-archivist/essnap.go:220.44,228.8 3 0
_/Users/philip/github/es-archivist/essnap.go:236.19,239.6 2 0
_/Users/philip/github/es-archivist/essnap.go:241.31,243.6 1 0
_/Users/philip/github/es-archivist/essnap.go:243.6,243.64 1 0
_/Users/philip/github/es-archivist/essnap.go:243.64,248.6 3 0
_/Users/philip/github/es-archivist/essnap.go:248.6,248.59 1 0
_/Users/philip/github/es-archivist/essnap.go:248.59,252.6 1 0
_/Users/philip/github/es-archivist/essnap.go:252.6,252.72 1 0
_/Users/philip/github/es-archivist/essnap.go:252.72,254.6 1 0
_/Users/philip/github/es-archivist/essnap.go:254.6,257.6 2 0
_/Users/philip/github/es-archivist/essnap.go:263.73,270.17 5 0
_/Users/philip/github/es-archivist/essnap.go:270.17,273.4 2 0
_/Users/philip/github/es-archivist/essnap.go:273.4,289.19 6 0
_/Users/philip/github/es-archivist/essnap.go:289.19,292.6 2 0
_/Users/philip/github/es-archivist/essnap.go:292.6,295.6 2 0
_/Users/philip/github/es-archivist/essnap.go:299.82,310.17 8 0
_/Users/philip/github/es-archivist/essnap.go:330.3,330.31 1 0
_/Users/philip/github/es-archivist/essnap.go:310.17,313.4 2 0
_/Users/philip/github/es-archivist/essnap.go:313.4,321.19 5 0
_/Users/philip/github/es-archivist/essnap.go:321.19,324.6 2 0
_/Users/philip/github/es-archivist/essnap.go:333.74,345.17 8 0
_/Users/philip/github/es-archivist/essnap.go:366.3,366.28 1 0
_/Users/philip/github/es-archivist/essnap.go:345.17,348.4 2 0
_/Users/philip/github/es-archivist/essnap.go:348.4,355.19 5 0
_/Users/philip/github/es-archivist/essnap.go:360.5,361.29 2 0
_/Users/philip/github/es-archivist/essnap.go:355.19,358.6 2 0
_/Users/philip/github/es-archivist/essnap.go:361.29,363.6 1 0
_/Users/philip/github/es-archivist/logger.go:19.26,36.2 4 0
_/Users/philip/github/es-archivist/main.go:21.13,29.7 4 0
_/Users/philip/github/es-archivist/main.go:29.7,34.4 3 0
_/Users/philip/github/es-archivist/main.go:37.53,39.7 1 0
_/Users/philip/github/es-archivist/main.go:39.7,48.47 4 0
_/Users/philip/github/es-archivist/main.go:59.5,59.42 1 0
_/Users/philip/github/es-archivist/main.go:83.5,83.63 1 0
_/Users/philip/github/es-archivist/main.go:225.5,225.65 1 0
_/Users/philip/github/es-archivist/main.go:48.47,56.6 4 0
_/Users/philip/github/es-archivist/main.go:59.42,65.85 3 0
_/Users/philip/github/es-archivist/main.go:72.7,77.8 1 0
_/Users/philip/github/es-archivist/main.go:65.85,67.8 1 0
_/Users/philip/github/es-archivist/main.go:83.63,93.45 7 0
_/Users/philip/github/es-archivist/main.go:97.7,108.37 3 0
_/Users/philip/github/es-archivist/main.go:112.7,125.29 5 0
_/Users/philip/github/es-archivist/main.go:152.7,153.29 2 0
_/Users/philip/github/es-archivist/main.go:197.7,197.37 1 0
_/Users/philip/github/es-archivist/main.go:202.7,204.21 2 0
_/Users/philip/github/es-archivist/main.go:208.7,208.24 1 0
_/Users/philip/github/es-archivist/main.go:93.45,95.8 1 0
_/Users/philip/github/es-archivist/main.go:108.37,110.8 1 0
_/Users/philip/github/es-archivist/main.go:125.29,128.42 2 0
_/Users/philip/github/es-archivist/main.go:142.9,142.30 1 0
_/Users/philip/github/es-archivist/main.go:128.42,131.10 2 0
_/Users/philip/github/es-archivist/main.go:131.10,131.67 1 0
_/Users/philip/github/es-archivist/main.go:131.67,135.10 2 0
_/Users/philip/github/es-archivist/main.go:135.10,135.80 1 0
_/Users/philip/github/es-archivist/main.go:135.80,138.10 2 0
_/Users/philip/github/es-archivist/main.go:138.10,140.10 1 0
_/Users/philip/github/es-archivist/main.go:142.30,144.10 1 0
_/Users/philip/github/es-archivist/main.go:153.29,160.40 3 0
_/Users/philip/github/es-archivist/main.go:191.9,191.30 1 0
_/Users/philip/github/es-archivist/main.go:160.40,162.10 1 0
_/Users/philip/github/es-archivist/main.go:162.10,162.51 1 0
_/Users/philip/github/es-archivist/main.go:162.51,164.10 1 0
_/Users/philip/github/es-archivist/main.go:164.10,164.47 1 0
_/Users/philip/github/es-archivist/main.go:164.47,166.40 2 0
_/Users/philip/github/es-archivist/main.go:171.11,175.25 3 0
_/Users/philip/github/es-archivist/main.go:180.11,180.39 1 0
_/Users/philip/github/es-archivist/main.go:166.40,169.12 2 0
_/Users/philip/github/es-archivist/main.go:175.25,177.23 1 0
_/Users/philip/github/es-archivist/main.go:180.39,182.12 0 0
_/Users/philip/github/es-archivist/main.go:182.12,185.12 1 0
_/Users/philip/github/es-archivist/main.go:186.10,189.10 1 0
_/Users/philip/github/es-archivist/main.go:191.30,193.10 1 0
_/Users/philip/github/es-archivist/main.go:197.37,200.8 2 0
_/Users/philip/github/es-archivist/main.go:204.21,205.19 1 0
_/Users/philip/github/es-archivist/main.go:208.24,216.8 3 0
_/Users/philip/github/es-archivist/main.go:221.6,223.6 1 0
_/Users/philip/github/es-archivist/main.go:229.45,232.29 2 0
_/Users/philip/github/es-archivist/main.go:236.3,236.20 1 0
_/Users/philip/github/es-archivist/main.go:232.29,235.4 1 0
_/Users/philip/github/es-archivist/main.go:241.34,243.2 1 1
_/Users/philip/github/es-archivist/main.go:245.39,247.2 1 1
_/Users/philip/github/es-archivist/main.go:249.44,253.17 2 1
_/Users/philip/github/es-archivist/main.go:257.3,259.17 2 1
_/Users/philip/github/es-archivist/main.go:266.3,280.29 7 1
_/Users/philip/github/es-archivist/main.go:253.17,255.4 1 0
_/Users/philip/github/es-archivist/main.go:259.17,261.4 1 0
_/Users/philip/github/es-archivist/main.go:283.80,285.23 2 0
_/Users/philip/github/es-archivist/main.go:290.3,290.11 1 0
_/Users/philip/github/es-archivist/main.go:285.23,286.19 1 0
_/Users/philip/github/es-archivist/main.go:286.19,288.6 1 0
_/Users/philip/github/es-archivist/main.go:293.54,296.28 2 0
_/Users/philip/github/es-archivist/main.go:305.3,305.24 1 0
_/Users/philip/github/es-archivist/main.go:296.28,300.22 3 0
_/Users/philip/github/es-archivist/main.go:300.22,302.6 1 0
_/Users/philip/github/es-archivist/main.go:308.43,312.2 2 1
